{"C:\\dev\\applying-knowledge\\src\\infra\\http\\axios-http-client\\axios-http-client.ts": {"path":"C:\\dev\\applying-knowledge\\src\\infra\\http\\axios-http-client\\axios-http-client.ts","all":false,"statementMap":{"0":{"start":{"line":1,"column":0},"end":{"line":1,"column":62}},"1":{"start":{"line":2,"column":0},"end":{"line":2,"column":25}},"2":{"start":{"line":3,"column":0},"end":{"line":3,"column":0}},"3":{"start":{"line":4,"column":0},"end":{"line":4,"column":30}},"4":{"start":{"line":5,"column":0},"end":{"line":5,"column":58}},"5":{"start":{"line":6,"column":0},"end":{"line":6,"column":45}},"6":{"start":{"line":7,"column":0},"end":{"line":7,"column":3}},"7":{"start":{"line":8,"column":0},"end":{"line":8,"column":1}}},"s":{"0":1,"1":1,"2":1,"3":1,"4":1,"5":1,"6":1,"7":1},"branchMap":{"0":{"type":"branch","line":5,"loc":{"start":{"line":5,"column":2},"end":{"line":7,"column":3}},"locations":[{"start":{"line":5,"column":2},"end":{"line":7,"column":3}}]}},"b":{"0":[1]},"fnMap":{"0":{"name":"post","decl":{"start":{"line":5,"column":2},"end":{"line":7,"column":3}},"loc":{"start":{"line":5,"column":2},"end":{"line":7,"column":3}},"line":5}},"f":{"0":1}}
}
