TN:
SF:src\data\mocks\index.ts
FNF:0
FNH:0
DA:1,1
LF:1
LH:1
BRF:0
BRH:0
end_of_record
TN:
SF:src\data\mocks\mock-http-client.ts
FN:3,<instance_members_initializer>
FN:9,post
FNF:2
FNH:2
FNDA:7,<instance_members_initializer>
FNDA:7,post
DA:1,1
DA:2,1
DA:3,1
DA:4,7
DA:5,7
DA:6,7
DA:7,7
DA:8,1
DA:9,1
DA:10,7
DA:11,7
DA:12,7
DA:13,7
DA:14,1
LF:14
LH:14
BRDA:3,0,0,7
BRDA:9,1,0,7
BRF:2
BRH:2
end_of_record
TN:
SF:src\data\protocols\http\http-post-client.ts
FNF:0
FNH:0
DA:1,1
DA:2,1
DA:3,1
DA:4,1
DA:5,1
DA:6,1
DA:7,1
DA:8,1
DA:9,1
LF:9
LH:9
BRF:0
BRH:0
end_of_record
TN:
SF:src\data\protocols\http\http-response.ts
FNF:0
FNH:0
DA:1,1
DA:2,1
DA:3,1
DA:4,1
DA:5,1
DA:6,1
DA:7,1
DA:8,1
DA:9,1
DA:10,1
DA:11,1
DA:12,1
DA:13,1
LF:13
LH:13
BRDA:1,0,0,1
BRF:1
BRH:1
end_of_record
TN:
SF:src\data\protocols\http\index.ts
FNF:0
FNH:0
DA:1,1
DA:2,1
LF:2
LH:2
BRF:0
BRH:0
end_of_record
TN:
SF:src\data\usercases\authentication\remote-authentication.ts
FN:8,<instance_members_initializer>
FN:7,RemoteAuthentication
FN:12,auth
FNF:3
FNH:3
FNDA:7,<instance_members_initializer>
FNDA:7,RemoteAuthentication
FNDA:7,auth
DA:1,1
DA:2,1
DA:3,1
DA:4,1
DA:5,1
DA:6,1
DA:7,1
DA:8,7
DA:9,7
DA:10,7
DA:11,1
DA:12,1
DA:13,7
DA:14,7
DA:15,7
DA:16,7
DA:17,7
DA:18,7
DA:19,7
DA:20,7
DA:21,7
DA:22,7
DA:23,7
DA:24,1
LF:24
LH:24
BRDA:8,0,0,7
BRDA:7,1,0,7
BRDA:12,2,0,7
BRDA:19,3,0,3
BRDA:20,4,0,1
BRDA:21,5,0,3
BRF:6
BRH:6
end_of_record
TN:
SF:src\domain\errors\index.ts
FNF:0
FNH:0
DA:1,1
DA:2,1
LF:2
LH:2
BRF:0
BRH:0
end_of_record
TN:
SF:src\domain\errors\invalid-credential-error.ts
FN:2,InvalidCredentialsError
FNF:1
FNH:1
FNDA:2,InvalidCredentialsError
DA:1,1
DA:2,1
DA:3,2
DA:4,2
DA:5,2
DA:6,1
LF:6
LH:6
BRDA:2,0,0,2
BRF:1
BRH:1
end_of_record
TN:
SF:src\domain\errors\unexpected-error.ts
FN:2,UnexpectedError
FNF:1
FNH:1
FNDA:6,UnexpectedError
DA:1,1
DA:2,1
DA:3,6
DA:4,6
DA:5,6
DA:6,1
LF:6
LH:6
BRDA:2,0,0,6
BRF:1
BRH:1
end_of_record
TN:
SF:src\domain\mocks\index.ts
FNF:0
FNH:0
DA:1,1
LF:1
LH:1
BRF:0
BRH:0
end_of_record
TN:
SF:src\domain\mocks\mock-account.ts
FN:5,mockAuthentication
FN:10,mockAccountModel
FNF:2
FNH:2
FNDA:7,mockAuthentication
FNDA:1,mockAccountModel
DA:1,1
DA:2,1
DA:3,1
DA:4,1
DA:5,1
DA:6,7
DA:7,7
DA:8,7
DA:9,1
DA:10,1
DA:11,1
DA:12,1
DA:13,1
DA:14,1
LF:14
LH:14
BRDA:5,0,0,7
BRDA:10,1,0,1
BRF:2
BRH:2
end_of_record
TN:
SF:src\infra\http\axios-http-client\axios-http-client.ts
FN:5,post
FNF:1
FNH:1
FNDA:1,post
DA:1,1
DA:2,1
DA:3,1
DA:4,1
DA:5,1
DA:6,1
DA:7,1
DA:8,1
LF:8
LH:8
BRDA:5,0,0,1
BRF:1
BRH:1
end_of_record
